<?xml version="1.0" encoding="UTF-8"?>
<!-- Generated by org.testng.reporters.JUnitReportReporter -->
<testsuite hostname="DESKTOP-D0ODKLV" failures="0" tests="6" name="TestCases.PUT_Employee_Record" time="0.045" errors="0" timestamp="2020-02-10T17:38:41 IST" skipped="0">
  <testcase classname="TestCases.PUT_Employee_Record" name="checkStatusLine" time="0.000"/>
  <testcase classname="TestCases.PUT_Employee_Record" name="checkResponseBody" time="0.023"/>
  <testcase classname="TestCases.PUT_Employee_Record" name="checkStatusCode" time="0.003"/>
  <testcase classname="TestCases.PUT_Employee_Record" name="checkServerType" time="0.001"/>
  <testcase classname="TestCases.PUT_Employee_Record" name="checkContentType" time="0.000"/>
  <testcase classname="TestCases.PUT_Employee_Record" name="checkContentEncoding" time="0.018"/>
</testsuite> <!-- TestCases.PUT_Employee_Record -->
