<?xml version="1.0" encoding="UTF-8"?>
<!-- Generated by org.testng.reporters.JUnitReportReporter -->
<testsuite hostname="DESKTOP-D0ODKLV" failures="0" tests="9" name="TestCases.GET_All_EmployeesData" time="0.049" errors="0" timestamp="2020-02-10T17:38:41 IST" skipped="0">
  <testcase classname="TestCases.GET_All_EmployeesData" name="checkStatusLine" time="0.013"/>
  <testcase classname="TestCases.GET_All_EmployeesData" name="checkResponseTime" time="0.006"/>
  <testcase classname="TestCases.GET_All_EmployeesData" name="checkCookies" time="0.007"/>
  <testcase classname="TestCases.GET_All_EmployeesData" name="checkContentLength" time="0.002"/>
  <testcase classname="TestCases.GET_All_EmployeesData" name="checkServerType" time="0.004"/>
  <testcase classname="TestCases.GET_All_EmployeesData" name="checkContentEncoding" time="0.005"/>
  <testcase classname="TestCases.GET_All_EmployeesData" name="checkStatusCode" time="0.000"/>
  <testcase classname="TestCases.GET_All_EmployeesData" name="checkResponseBody" time="0.007"/>
  <testcase classname="TestCases.GET_All_EmployeesData" name="checkContentType" time="0.005"/>
</testsuite> <!-- TestCases.GET_All_EmployeesData -->
